<?xml version="1.0" encoding="UTF-8"?>
<testng-results ignored="0" total="3" passed="3" failed="0" skipped="0">
  <reporter-output>
  </reporter-output>
  <suite started-at="2024-05-15T15:16:15 IST" name="Suite" finished-at="2024-05-15T15:17:40 IST" duration-ms="85475">
    <groups>
    </groups>
    <test started-at="2024-05-15T15:16:15 IST" name="Test" finished-at="2024-05-15T15:17:40 IST" duration-ms="85475">
      <class name="com.test.NKDALoginTest">
        <test-method is-config="true" signature="BeforeSuite()[pri:0, instance:com.test.NKDALoginTest@6771beb3]" started-at="2024-05-15T15:16:15 IST" name="BeforeSuite" finished-at="2024-05-15T15:16:15 IST" duration-ms="195" status="PASS">
          <reporter-output>
          </reporter-output>
        </test-method> <!-- BeforeSuite -->
        <test-method is-config="true" signature="setup()[pri:0, instance:com.test.NKDALoginTest@6771beb3]" started-at="2024-05-15T15:16:15 IST" name="setup" finished-at="2024-05-15T15:17:00 IST" duration-ms="44513" status="PASS">
          <reporter-output>
          </reporter-output>
        </test-method> <!-- setup -->
        <test-method signature="loginPageTest()[pri:0, instance:com.test.NKDALoginTest@6771beb3]" started-at="2024-05-15T15:17:00 IST" name="loginPageTest" finished-at="2024-05-15T15:17:04 IST" duration-ms="4491" status="PASS">
          <reporter-output>
          </reporter-output>
        </test-method> <!-- loginPageTest -->
        <test-method is-config="true" signature="tearDown(org.testng.ITestResult)[pri:0, instance:com.test.NKDALoginTest@6771beb3]" started-at="2024-05-15T15:17:04 IST" name="tearDown" finished-at="2024-05-15T15:17:06 IST" duration-ms="2330" status="PASS">
          <params>
            <param index="0">
              <value>
                <![CDATA[[TestResult name=loginPageTest status=SUCCESS method=NKDALoginTest.loginPageTest()[pri:0, instance:com.test.NKDALoginTest@6771beb3] output={null}]]]>
              </value>
            </param>
          </params>
          <reporter-output>
          </reporter-output>
        </test-method> <!-- tearDown -->
        <test-method is-config="true" signature="setup()[pri:0, instance:com.test.NKDALoginTest@6771beb3]" started-at="2024-05-15T15:17:06 IST" name="setup" finished-at="2024-05-15T15:17:22 IST" duration-ms="15393" status="PASS">
          <reporter-output>
          </reporter-output>
        </test-method> <!-- setup -->
        <test-method signature="loginTest()[pri:0, instance:com.test.NKDALoginTest@6771beb3]" started-at="2024-05-15T15:17:22 IST" name="loginTest" finished-at="2024-05-15T15:17:29 IST" duration-ms="6774" status="PASS">
          <reporter-output>
          </reporter-output>
        </test-method> <!-- loginTest -->
        <test-method is-config="true" signature="tearDown(org.testng.ITestResult)[pri:0, instance:com.test.NKDALoginTest@6771beb3]" started-at="2024-05-15T15:17:29 IST" name="tearDown" finished-at="2024-05-15T15:17:30 IST" duration-ms="1318" status="PASS">
          <params>
            <param index="0">
              <value>
                <![CDATA[[TestResult name=loginTest status=SUCCESS method=NKDALoginTest.loginTest()[pri:0, instance:com.test.NKDALoginTest@6771beb3] output={null}]]]>
              </value>
            </param>
          </params>
          <reporter-output>
          </reporter-output>
        </test-method> <!-- tearDown -->
        <test-method is-config="true" signature="setup()[pri:0, instance:com.test.NKDALoginTest@6771beb3]" started-at="2024-05-15T15:17:30 IST" name="setup" finished-at="2024-05-15T15:17:40 IST" duration-ms="10010" status="PASS">
          <reporter-output>
          </reporter-output>
        </test-method> <!-- setup -->
        <test-method signature="sampleCase()[pri:0, instance:com.test.NKDALoginTest@6771beb3]" started-at="2024-05-15T15:17:40 IST" name="sampleCase" finished-at="2024-05-15T15:17:40 IST" duration-ms="2" status="PASS">
          <reporter-output>
          </reporter-output>
        </test-method> <!-- sampleCase -->
        <test-method is-config="true" signature="tearDown(org.testng.ITestResult)[pri:0, instance:com.test.NKDALoginTest@6771beb3]" started-at="2024-05-15T15:17:40 IST" name="tearDown" finished-at="2024-05-15T15:17:40 IST" duration-ms="568" status="PASS">
          <params>
            <param index="0">
              <value>
                <![CDATA[[TestResult name=sampleCase status=SUCCESS method=NKDALoginTest.sampleCase()[pri:0, instance:com.test.NKDALoginTest@6771beb3] output={null}]]]>
              </value>
            </param>
          </params>
          <reporter-output>
          </reporter-output>
        </test-method> <!-- tearDown -->
        <test-method is-config="true" signature="AfterSuite()[pri:0, instance:com.test.NKDALoginTest@6771beb3]" started-at="2024-05-15T15:17:41 IST" name="AfterSuite" finished-at="2024-05-15T15:17:43 IST" duration-ms="1463" status="PASS">
          <reporter-output>
          </reporter-output>
        </test-method> <!-- AfterSuite -->
      </class> <!-- com.test.NKDALoginTest -->
    </test> <!-- Test -->
  </suite> <!-- Suite -->
</testng-results>
