<?xml version="1.0" encoding="UTF-8"?>
<testng-results ignored="0" total="3" passed="3" failed="0" skipped="0">
  <reporter-output>
  </reporter-output>
  <suite started-at="2024-05-14T13:04:23 IST" name="Suite" finished-at="2024-05-14T13:05:25 IST" duration-ms="62152">
    <groups>
    </groups>
    <test started-at="2024-05-14T13:04:23 IST" name="Test" finished-at="2024-05-14T13:05:25 IST" duration-ms="62152">
      <class name="com.test.NKDALoginTest">
        <test-method is-config="true" signature="BeforeSuite()[pri:0, instance:com.test.NKDALoginTest@6771beb3]" started-at="2024-05-14T13:04:23 IST" name="BeforeSuite" finished-at="2024-05-14T13:04:23 IST" duration-ms="194" status="PASS">
          <reporter-output>
          </reporter-output>
        </test-method> <!-- BeforeSuite -->
        <test-method is-config="true" signature="setup()[pri:0, instance:com.test.NKDALoginTest@6771beb3]" started-at="2024-05-14T13:04:23 IST" name="setup" finished-at="2024-05-14T13:04:52 IST" duration-ms="28820" status="PASS">
          <reporter-output>
          </reporter-output>
        </test-method> <!-- setup -->
        <test-method signature="loginPageTest()[pri:0, instance:com.test.NKDALoginTest@6771beb3]" started-at="2024-05-14T13:04:52 IST" name="loginPageTest" finished-at="2024-05-14T13:04:56 IST" duration-ms="4163" status="PASS">
          <reporter-output>
          </reporter-output>
        </test-method> <!-- loginPageTest -->
        <test-method is-config="true" signature="tearDown(org.testng.ITestResult)[pri:0, instance:com.test.NKDALoginTest@6771beb3]" started-at="2024-05-14T13:04:56 IST" name="tearDown" finished-at="2024-05-14T13:04:56 IST" duration-ms="663" status="PASS">
          <params>
            <param index="0">
              <value>
                <![CDATA[[TestResult name=loginPageTest status=SUCCESS method=NKDALoginTest.loginPageTest()[pri:0, instance:com.test.NKDALoginTest@6771beb3] output={null}]]]>
              </value>
            </param>
          </params>
          <reporter-output>
          </reporter-output>
        </test-method> <!-- tearDown -->
        <test-method is-config="true" signature="setup()[pri:0, instance:com.test.NKDALoginTest@6771beb3]" started-at="2024-05-14T13:04:56 IST" name="setup" finished-at="2024-05-14T13:05:06 IST" duration-ms="9296" status="PASS">
          <reporter-output>
          </reporter-output>
        </test-method> <!-- setup -->
        <test-method signature="loginTest()[pri:0, instance:com.test.NKDALoginTest@6771beb3]" started-at="2024-05-14T13:05:06 IST" name="loginTest" finished-at="2024-05-14T13:05:13 IST" duration-ms="7701" status="PASS">
          <reporter-output>
          </reporter-output>
        </test-method> <!-- loginTest -->
        <test-method is-config="true" signature="tearDown(org.testng.ITestResult)[pri:0, instance:com.test.NKDALoginTest@6771beb3]" started-at="2024-05-14T13:05:13 IST" name="tearDown" finished-at="2024-05-14T13:05:15 IST" duration-ms="1028" status="PASS">
          <params>
            <param index="0">
              <value>
                <![CDATA[[TestResult name=loginTest status=SUCCESS method=NKDALoginTest.loginTest()[pri:0, instance:com.test.NKDALoginTest@6771beb3] output={null}]]]>
              </value>
            </param>
          </params>
          <reporter-output>
          </reporter-output>
        </test-method> <!-- tearDown -->
        <test-method is-config="true" signature="setup()[pri:0, instance:com.test.NKDALoginTest@6771beb3]" started-at="2024-05-14T13:05:15 IST" name="setup" finished-at="2024-05-14T13:05:24 IST" duration-ms="9836" status="PASS">
          <reporter-output>
          </reporter-output>
        </test-method> <!-- setup -->
        <test-method signature="sampleCase()[pri:0, instance:com.test.NKDALoginTest@6771beb3]" started-at="2024-05-14T13:05:24 IST" name="sampleCase" finished-at="2024-05-14T13:05:24 IST" duration-ms="2" status="PASS">
          <reporter-output>
          </reporter-output>
        </test-method> <!-- sampleCase -->
        <test-method is-config="true" signature="tearDown(org.testng.ITestResult)[pri:0, instance:com.test.NKDALoginTest@6771beb3]" started-at="2024-05-14T13:05:24 IST" name="tearDown" finished-at="2024-05-14T13:05:25 IST" duration-ms="576" status="PASS">
          <params>
            <param index="0">
              <value>
                <![CDATA[[TestResult name=sampleCase status=SUCCESS method=NKDALoginTest.sampleCase()[pri:0, instance:com.test.NKDALoginTest@6771beb3] output={null}]]]>
              </value>
            </param>
          </params>
          <reporter-output>
          </reporter-output>
        </test-method> <!-- tearDown -->
        <test-method is-config="true" signature="AfterSuite()[pri:0, instance:com.test.NKDALoginTest@6771beb3]" started-at="2024-05-14T13:05:25 IST" name="AfterSuite" finished-at="2024-05-14T13:05:26 IST" duration-ms="684" status="PASS">
          <reporter-output>
          </reporter-output>
        </test-method> <!-- AfterSuite -->
      </class> <!-- com.test.NKDALoginTest -->
    </test> <!-- Test -->
  </suite> <!-- Suite -->
</testng-results>
