<?xml version="1.0" encoding="UTF-8"?>
<!-- Generated by org.testng.reporters.JUnitXMLReporter -->
<testsuite ignored="0" hostname="PSDTP002" failures="0" tests="3" name="Test" time="62.152" errors="0" timestamp="2024-05-14T13:05:25 IST">
  <testcase classname="com.test.NKDALoginTest" name="loginPageTest" time="4.163"/>
  <testcase classname="com.test.NKDALoginTest" name="loginTest" time="7.701"/>
  <testcase classname="com.test.NKDALoginTest" name="sampleCase" time="0.002"/>
</testsuite> <!-- Test -->
