<?xml version="1.0" encoding="UTF-8"?>
<!-- Generated by org.testng.reporters.JUnitXMLReporter -->
<testsuite ignored="0" hostname="PSDTP002" failures="0" tests="3" name="Test" time="85.475" errors="0" timestamp="2024-05-15T15:17:41 IST">
  <testcase classname="com.test.NKDALoginTest" name="loginPageTest" time="4.491"/>
  <testcase classname="com.test.NKDALoginTest" name="loginTest" time="6.774"/>
  <testcase classname="com.test.NKDALoginTest" name="sampleCase" time="0.002"/>
</testsuite> <!-- Test -->
